<?xml version="1.0" encoding="UTF-8"?>
<!-- Generated by org.testng.reporters.JUnitReportReporter -->
<testsuite hostname="DESKTOP-EHC392M" failures="0" tests="1" name="practice.Google" time="14.477" errors="0" timestamp="2022-07-16T15:06:20 IST" skipped="0">
  <testcase classname="practice.Google" name="googleTest" time="14.477"/>
  <system-out/>
</testsuite> <!-- practice.Google -->
