<?xml version="1.0" encoding="UTF-8"?>
<!-- Generated by org.testng.reporters.JUnitReportReporter -->
<testsuite hostname="DESKTOP-EHC392M" failures="0" tests="5" name="com.vtiger.opportunity.OpportunityTest" time="196.918" errors="0" timestamp="2022-03-30T17:20:03 IST" skipped="0">
  <testcase classname="com.vtiger.opportunity.OpportunityTest" name="createOpportunitywithSalesStageNegotiationReviewTest" time="32.975"/>
  <system-out/>
  <testcase classname="com.vtiger.opportunity.OpportunityTest" name="createOpportunitywithSalesStageClosedWonTest" time="34.984"/>
  <system-out/>
  <testcase classname="com.vtiger.opportunity.OpportunityTest" name="createOpportunitywithSalesStageIdDecisionMakersTest" time="34.007"/>
  <system-out/>
  <testcase classname="com.vtiger.opportunity.OpportunityTest" name="createOpportunitywithSalesStageProposalPriceQuoteTest" time="37.761"/>
  <system-out/>
  <testcase classname="com.vtiger.opportunity.OpportunityTest" name="createOpportunityWithSalesStagePerceptionAnalysisTest" time="57.191"/>
  <system-out/>
</testsuite> <!-- com.vtiger.opportunity.OpportunityTest -->
