<?xml version="1.0" encoding="UTF-8"?>
<!-- Generated by org.testng.reporters.JUnitReportReporter -->
<testsuite hostname="DESKTOP-EHC392M" failures="0" tests="2" name="practice.P1" time="0.016" errors="0" timestamp="2022-07-16T20:29:06 IST" skipped="0">
  <testcase classname="practice.P1" name="demotest" time="0.008"/>
  <system-out/>
  <testcase classname="practice.P1" name="cemotest" time="0.008"/>
  <system-out/>
</testsuite> <!-- practice.P1 -->
