<?xml version="1.0" encoding="UTF-8"?>
<!-- Generated by org.testng.reporters.JUnitReportReporter -->
<testsuite hostname="DESKTOP-EHC392M" failures="0" tests="1" name="practice.Crickbuzz" time="16.699" errors="0" timestamp="2022-07-16T15:31:40 IST" skipped="0">
  <testcase classname="practice.Crickbuzz" name="crickbuzzTest" time="16.699"/>
  <system-out/>
</testsuite> <!-- practice.Crickbuzz -->
