<?xml version="1.0" encoding="UTF-8"?>
<!-- Generated by org.testng.reporters.JUnitReportReporter -->
<testsuite hostname="DESKTOP-EHC392M" failures="0" tests="1" name="Opportunity.CreateOpportunitywithSalesStageNegotiationReviewTest" time="49.410" errors="0" timestamp="2022-03-31T13:19:50 IST" skipped="0">
  <testcase classname="Opportunity.CreateOpportunitywithSalesStageNegotiationReviewTest" name="createOpportunitywithSalesStageNegotiationReviewTest" time="49.410"/>
  <system-out/>
</testsuite> <!-- Opportunity.CreateOpportunitywithSalesStageNegotiationReviewTest -->
