<?xml version="1.0" encoding="UTF-8"?>
<!-- Generated by org.testng.reporters.JUnitReportReporter -->
<testsuite skipped="0" hostname="DESKTOP-EHC392M" name="practice.B" tests="1" failures="0" timestamp="2022-08-18T23:07:03 IST" time="9.658" errors="0">
  <testcase name="Test" time="9.658" classname="practice.B"/>
  <system-out/>
</testsuite> <!-- practice.B -->
