<?xml version="1.0" encoding="UTF-8"?>
<!-- Generated by org.testng.reporters.JUnitReportReporter -->
<testsuite skipped="0" hostname="DESKTOP-EHC392M" name="Opportunity.CreateOpportunitywithSalesStageClosedWonTest" tests="1" failures="0" timestamp="2022-04-12T07:47:57 IST" time="124.455" errors="0">
  <testcase name="createOpportunitywithSalesStageClosedWonTest" time="124.455" classname="Opportunity.CreateOpportunitywithSalesStageClosedWonTest"/>
  <system-out/>
</testsuite> <!-- Opportunity.CreateOpportunitywithSalesStageClosedWonTest -->
